<?xml version="1.0" encoding="UTF-8"?>
<!-- Generated by org.testng.reporters.JUnitReportReporter -->
<testsuite hostname="DESKTOP-GEBPLK8" failures="0" tests="1" name="com_Shreyash_M3.TC_001_verify_user_is_able_to_add_address_or_not" time="26.893" errors="0" timestamp="2025-04-03T08:30:18 IST" skipped="0">
  <testcase classname="com_Shreyash_M3.TC_001_verify_user_is_able_to_add_address_or_not" name="addAddress" time="26.893"/>
</testsuite> <!-- com_Shreyash_M3.TC_001_verify_user_is_able_to_add_address_or_not -->
